<?xml version="1.0" encoding="UTF-8"?>
<!-- Generated by org.testng.reporters.JUnitReportReporter -->
<testsuite hostname="LAPTOP-SKMVTQNR" failures="0" tests="1" name="shushmitha.TC_02_RemoveFromCart_Test" time="17.712" errors="0" timestamp="2024-04-08T10:59:28 IST" skipped="0">
  <testcase classname="shushmitha.TC_02_RemoveFromCart_Test" name="TC_02_Test" time="17.712"/>
  <system-out>
    <![CDATA[Browser launched
URL is entered]]>
  </system-out>
</testsuite> <!-- shushmitha.TC_02_RemoveFromCart_Test -->
