<?xml version="1.0" encoding="UTF-8"?>
<!-- Generated by org.testng.reporters.JUnitReportReporter -->
<testsuite hostname="Kirthiga" failures="0" tests="1" name="kirthiga.EmailAFriend" time="19.006" errors="0" timestamp="2024-04-05T14:39:47 IST" skipped="0">
  <testcase classname="kirthiga.EmailAFriend" name="Emailing" time="19.006"/>
  <system-out/>
</testsuite> <!-- kirthiga.EmailAFriend -->
