<?xml version="1.0" encoding="UTF-8"?>
<!-- Generated by org.testng.reporters.JUnitReportReporter -->
<testsuite hostname="DESKTOP-7I80P5L" failures="0" tests="1" name="tanuja.TC02_BuyGiftCardProFromCartCOD" time="71.628" errors="0" timestamp="2024-04-08T10:36:54 IST" skipped="0">
  <testcase classname="tanuja.TC02_BuyGiftCardProFromCartCOD" name="buyGCPro" time="71.628"/>
  <system-out/>
</testsuite> <!-- tanuja.TC02_BuyGiftCardProFromCartCOD -->
