<?xml version="1.0" encoding="UTF-8"?>
<!-- Generated by org.testng.reporters.JUnitReportReporter -->
<testsuite hostname="LAPTOP-SKMVTQNR" failures="0" tests="1" name="shushmitha.TC_01_PlaceOrder_Test" time="39.238" errors="0" timestamp="2024-04-08T10:58:52 IST" skipped="0">
  <testcase classname="shushmitha.TC_01_PlaceOrder_Test" name="TC_01_Test" time="39.238"/>
  <system-out>
    <![CDATA[Browser launched
URL is entered]]>
  </system-out>
</testsuite> <!-- shushmitha.TC_01_PlaceOrder_Test -->
