<?xml version="1.0" encoding="UTF-8"?>
<!-- Generated by org.testng.reporters.JUnitReportReporter -->
<testsuite hostname="DESKTOP-7I80P5L" failures="0" tests="1" name="tanuja.TC01_AddOneGiftCardToCart" time="24.468" errors="0" timestamp="2024-04-05T00:28:40 IST" skipped="0">
  <testcase classname="tanuja.TC01_AddOneGiftCardToCart" name="addGCToCart" time="24.468"/>
  <system-out/>
</testsuite> <!-- tanuja.TC01_AddOneGiftCardToCart -->
