<?xml version="1.0" encoding="UTF-8"?>
<!-- Generated by org.testng.reporters.JUnitReportReporter -->
<testsuite hostname="Kirthiga" failures="0" tests="1" name="kirthiga.SearchProductAndAddToCart" time="20.548" errors="0" timestamp="2024-04-05T10:07:58 IST" skipped="0">
  <testcase classname="kirthiga.SearchProductAndAddToCart" name="searchAndAdd" time="20.548"/>
  <system-out/>
</testsuite> <!-- kirthiga.SearchProductAndAddToCart -->
